Using pre-set license
Built from '2020.3/staging' branch; Version is '2020.3.3f1 (76626098c1c4) revision 7758432'; Using compiler version '192528614'; Build Type 'Release'
OS: 'Windows 10 Pro; OS build 19042.928; Version 2009; 64bit' Language: 'es' Physical Memory: 6092 MB
BatchMode: 1, IsHumanControllingUs: 0, StartBugReporterOnCrash: 0, Is64bit: 1, IsPro: 0

 COMMAND LINE ARGUMENTS:
C:\Program Files\Unity\Hub\Editor\2020.3.3f1\Editor\Unity.exe
-adb2
-batchMode
-noUpm
-name
AssetImportWorker0
-projectPath
C:/Users/USER/Documents/Proyectos/Hyperpunk2.0/HyperPunkUnityProject/HyperPunkRepository/HyperPunkAlpha
-logFile
Logs/AssetImportWorker0.log
-srvPort
60267
Successfully changed project path to: C:/Users/USER/Documents/Proyectos/Hyperpunk2.0/HyperPunkUnityProject/HyperPunkRepository/HyperPunkAlpha
C:/Users/USER/Documents/Proyectos/Hyperpunk2.0/HyperPunkUnityProject/HyperPunkRepository/HyperPunkAlpha
Using Asset Import Pipeline V2.
Refreshing native plugins compatible for Editor in 68.60 ms, found 0 plugins.
Preloading 0 native plugins for Editor in 0.00 ms.
Initialize engine version: 2020.3.3f1 (76626098c1c4)
[Subsystems] Discovering subsystems at path C:/Program Files/Unity/Hub/Editor/2020.3.3f1/Editor/Data/Resources/UnitySubsystems
[Subsystems] Discovering subsystems at path C:/Users/USER/Documents/Proyectos/Hyperpunk2.0/HyperPunkUnityProject/HyperPunkRepository/HyperPunkAlpha/Assets
GfxDevice: creating device client; threaded=0
Direct3D:
    Version:  Direct3D 11.0 [level 11.1]
    Renderer: AMD Radeon(TM) Vega 8 Graphics (ID=0x15d8)
    Vendor:   
    VRAM:     3046 MB
    Driver:   27.20.11044.7
Initialize mono
Mono path[0] = 'C:/Program Files/Unity/Hub/Editor/2020.3.3f1/Editor/Data/Managed'
Mono path[1] = 'C:/Program Files/Unity/Hub/Editor/2020.3.3f1/Editor/Data/MonoBleedingEdge/lib/mono/unityjit'
Mono config path = 'C:/Program Files/Unity/Hub/Editor/2020.3.3f1/Editor/Data/MonoBleedingEdge/etc'
Using monoOptions --debugger-agent=transport=dt_socket,embedding=1,server=y,suspend=n,address=127.0.0.1:56104
Begin MonoManager ReloadAssembly
Registering precompiled unity dll's ...
Register platform support module: C:/Program Files/Unity/Hub/Editor/2020.3.3f1/Editor/Data/PlaybackEngines/WindowsStandaloneSupport/UnityEditor.WindowsStandalone.Extensions.dll
Registered in 0.003172 seconds.
Native extension for WindowsStandalone target not found
Refreshing native plugins compatible for Editor in 45.74 ms, found 0 plugins.
Preloading 0 native plugins for Editor in 0.00 ms.
Invoked RoslynAnalysisRunner static constructor.
RoslynAnalysisRunner will not be running.
RoslynAnalysisRunner has terminated.
Mono: successfully reloaded assembly
- Completed reload, in  3.775 seconds
Platform modules already initialized, skipping
Registering precompiled user dll's ...
Registered in 0.001059 seconds.
Begin MonoManager ReloadAssembly
Native extension for WindowsStandalone target not found
Refreshing native plugins compatible for Editor in 0.38 ms, found 0 plugins.
Preloading 0 native plugins for Editor in 0.00 ms.
Invoked RoslynAnalysisRunner static constructor.
RoslynAnalysisRunner will not be running.
RoslynAnalysisRunner has terminated.
Mono: successfully reloaded assembly
- Completed reload, in  1.318 seconds
Platform modules already initialized, skipping
========================================================================
Worker process is ready to serve import requests
Launched and connected shader compiler UnityShaderCompiler.exe after 0.24 seconds
Refreshing native plugins compatible for Editor in 0.29 ms, found 0 plugins.
Preloading 0 native plugins for Editor in 0.00 ms.
Unloading 1118 Unused Serialized files (Serialized files now loaded: 0)
System memory in use before: 57.5 MB.
System memory in use after: 57.5 MB.

Unloading 9 unused Assets to reduce memory usage. Loaded Objects now: 1560.
Total: 324.500000 ms (FindLiveObjects: 0.208800 ms CreateObjectMapping: 0.039100 ms MarkObjects: 324.143300 ms  DeleteObjects: 0.106300 ms)

========================================================================
Received Import Request.
  path: Assets/Sprites/button_normal.png
  artifactKey: Guid(3c073648d059cef4fa323f4c1e3f18a8) Importer(815301076,1909f56bfc062723c751e8b465ee728b)
Start importing Assets/Sprites/button_normal.png using Guid(3c073648d059cef4fa323f4c1e3f18a8) Importer(815301076,1909f56bfc062723c751e8b465ee728b)  -> (artifact id: '351e0708a054fc353bad012262dfcd68') in 1.933324 seconds
  Import took 2.005692 seconds .

========================================================================
Received Import Request.
  Time since last request: 0.000315 seconds.
  path: Assets/Scripts/ClasePureba
  artifactKey: Guid(bf0018c967112b34992b9fc5a8d3cf54) Importer(815301076,1909f56bfc062723c751e8b465ee728b)
Start importing Assets/Scripts/ClasePureba using Guid(bf0018c967112b34992b9fc5a8d3cf54) Importer(815301076,1909f56bfc062723c751e8b465ee728b)  -> (artifact id: 'fb1c56800565ff54741a35a99a8b98fb') in 0.015096 seconds
  Import took 0.018732 seconds .

========================================================================
Received Import Request.
  Time since last request: 0.000309 seconds.
  path: Assets/Scripts/KeyOverlay.cs
  artifactKey: Guid(c3ac81b13c305184eaae9d87db6d690c) Importer(815301076,1909f56bfc062723c751e8b465ee728b)
Start importing Assets/Scripts/KeyOverlay.cs using Guid(c3ac81b13c305184eaae9d87db6d690c) Importer(815301076,1909f56bfc062723c751e8b465ee728b)  -> (artifact id: '14ec1eae2831537ddc8b3f8761055435') in 0.379946 seconds
  Import took 0.596548 seconds .

========================================================================
Received Import Request.
  Time since last request: 0.000272 seconds.
  path: Assets/Sprites/button_overlay.png
  artifactKey: Guid(09737fc61b614974a910c778cefefc8d) Importer(815301076,1909f56bfc062723c751e8b465ee728b)
Start importing Assets/Sprites/button_overlay.png using Guid(09737fc61b614974a910c778cefefc8d) Importer(815301076,1909f56bfc062723c751e8b465ee728b)  -> (artifact id: 'eb6bb997fd5b8d82045458bcf84b99c4') in 0.020074 seconds
  Import took 0.201714 seconds .

========================================================================
Received Import Request.
  Time since last request: 0.000289 seconds.
  path: Assets/Sprites/button_pressed.png
  artifactKey: Guid(2859845995704524eb88d842ddfb6660) Importer(815301076,1909f56bfc062723c751e8b465ee728b)
Start importing Assets/Sprites/button_pressed.png using Guid(2859845995704524eb88d842ddfb6660) Importer(815301076,1909f56bfc062723c751e8b465ee728b)  -> (artifact id: '110125046605049ea74aebf0c90f822a') in 0.144100 seconds
  Import took 0.151797 seconds .

========================================================================
Received Prepare
Registering precompiled user dll's ...
Registered in 0.006189 seconds.
Begin MonoManager ReloadAssembly
Native extension for WindowsStandalone target not found
Refreshing native plugins compatible for Editor in 0.76 ms, found 0 plugins.
Preloading 0 native plugins for Editor in 0.00 ms.
Invoked RoslynAnalysisRunner static constructor.
RoslynAnalysisRunner will not be running.
RoslynAnalysisRunner has terminated.
Mono: successfully reloaded assembly
- Completed reload, in  1.259 seconds
Platform modules already initialized, skipping
Switching build target platform(5) subTarget(0) extendedPlatform(0) -> platform(13) subTarget(589824) extendedPlatform(0)
Refreshing native plugins compatible for Editor in 0.23 ms, found 0 plugins.
Preloading 0 native plugins for Editor in 0.00 ms.
Unloading 1115 Unused Serialized files (Serialized files now loaded: 0)
System memory in use before: 57.3 MB.
System memory in use after: 57.4 MB.

Unloading 4 unused Assets to reduce memory usage. Loaded Objects now: 1565.
Total: 2.585900 ms (FindLiveObjects: 0.235100 ms CreateObjectMapping: 0.038000 ms MarkObjects: 2.285600 ms  DeleteObjects: 0.025000 ms)

AssetImportParameters requested are different than current active one (requested -> active):
  custom:graphics/normal-map-encoding: 01000000000000000000000000000000 -> 02000000000000000000000000000000
========================================================================
Received Import Request.
  Time since last request: 799.843375 seconds.
  path: Assets/Scripts/KeyOverlay.cs
  artifactKey: Guid(c3ac81b13c305184eaae9d87db6d690c) Importer(815301076,1909f56bfc062723c751e8b465ee728b)
Start importing Assets/Scripts/KeyOverlay.cs using Guid(c3ac81b13c305184eaae9d87db6d690c) Importer(815301076,1909f56bfc062723c751e8b465ee728b)  -> (artifact id: '673d6d548c9f9895f365b05d1fd04016') in 0.007213 seconds
  Import took 0.009260 seconds .

========================================================================
Received Prepare
Registering precompiled user dll's ...
Registered in 0.002036 seconds.
Begin MonoManager ReloadAssembly
Native extension for WindowsStandalone target not found
Refreshing native plugins compatible for Editor in 0.27 ms, found 0 plugins.
Preloading 0 native plugins for Editor in 0.00 ms.
Invoked RoslynAnalysisRunner static constructor.
RoslynAnalysisRunner will not be running.
RoslynAnalysisRunner has terminated.
Mono: successfully reloaded assembly
- Completed reload, in  1.060 seconds
Platform modules already initialized, skipping
Switching build target platform(5) subTarget(0) extendedPlatform(0) -> platform(13) subTarget(589824) extendedPlatform(0)
Refreshing native plugins compatible for Editor in 0.28 ms, found 0 plugins.
Preloading 0 native plugins for Editor in 0.00 ms.
Unloading 1115 Unused Serialized files (Serialized files now loaded: 0)
System memory in use before: 57.4 MB.
System memory in use after: 57.5 MB.

Unloading 4 unused Assets to reduce memory usage. Loaded Objects now: 1568.
Total: 2.231900 ms (FindLiveObjects: 0.194400 ms CreateObjectMapping: 0.030800 ms MarkObjects: 1.983800 ms  DeleteObjects: 0.020600 ms)

AssetImportParameters requested are different than current active one (requested -> active):
  custom:graphics/normal-map-encoding: 01000000000000000000000000000000 -> 02000000000000000000000000000000
========================================================================
Received Import Request.
  Time since last request: 254.480894 seconds.
  path: Assets/Scripts/KeyOverlay.cs
  artifactKey: Guid(c3ac81b13c305184eaae9d87db6d690c) Importer(815301076,1909f56bfc062723c751e8b465ee728b)
Start importing Assets/Scripts/KeyOverlay.cs using Guid(c3ac81b13c305184eaae9d87db6d690c) Importer(815301076,1909f56bfc062723c751e8b465ee728b)  -> (artifact id: '08ddf10c7f12066ed8921c08dc67e398') in 0.008689 seconds
  Import took 0.011012 seconds .

AssetImportWorkerClient::OnTransportError - code=2 error=End of file
